<?xml version="1.0" encoding="UTF-8"?>
<!-- Generated by org.testng.reporters.JUnitReportReporter -->
<testsuite hostname="DLLB0523" name="BookshelfQA.VerifyActivity" tests="3" failures="0" timestamp="27 Dec 2014 14:41:19 GMT" time="278.982" errors="0">
  <testcase name="LoginApplication" time="9.348" classname="BookshelfQA.VerifyActivity"/>
  <testcase name="VerifyHomePageTitle" time="2.094" classname="BookshelfQA.VerifyActivity"/>
  <testcase name="VerifyActivityStatus" time="267.540" classname="BookshelfQA.VerifyActivity"/>
</testsuite> <!-- BookshelfQA.VerifyActivity -->
